----------------------------------------------------------------------------------------------------------------------------------------------------------------------
      name:  <unnamed>
       log:  /Users/vasilykorovkin/Documents/Diversity_Discoveries/Logs/merge_all_regressors.log
  log type:  text
 opened on:   4 May 2026, 09:18:37

. 
. * -------------------------------------------------------------------
. * 1. Import all CSVs as tempfiles
. * -------------------------------------------------------------------
. 
. * --- Master: BOLD outcomes ---
. import delimited "`proj'/Data/processed/bold/bold_grid100_cell_year_panel_collection_2005_2025.csv", clear
(46 vars, 305,886 obs)

. keep if year<=2024
(14,566 observations deleted)

. tempfile BOLD

. save `BOLD'
file /var/folders/w0/tc29qfyn6jggvzj9fybmrn2r0000gn/T//S_13064.000001 saved

. 
. * --- Panel regressors (cell_id × year) ---
. 
. import delimited "`proj'/Data/regressors/ucdp/ucdp_ged_100km_cell_year_2005_2024.csv", clear
(52 vars, 291,320 obs)

. tempfile ucdp

. save `ucdp'
file /var/folders/w0/tc29qfyn6jggvzj9fybmrn2r0000gn/T//S_13064.000002 saved

. 
. import delimited "`proj'/Data/regressors/hansen/hansen_forest_loss_100km_panel.csv", clear
(13 vars, 335,018 obs)

. tempfile hansen

. save `hansen'
file /var/folders/w0/tc29qfyn6jggvzj9fybmrn2r0000gn/T//S_13064.000003 saved

. 
. import delimited "`proj'/Data/regressors/modis/modis_burned_area_100km_panel.csv", clear
(11 vars, 335,018 obs)

. tempfile modis

. save `modis'
file /var/folders/w0/tc29qfyn6jggvzj9fybmrn2r0000gn/T//S_13064.000004 saved

. 
. import delimited "`proj'/Data/regressors/terraclimate/terraclimate_100km_panel.csv", clear
(10 vars, 335,018 obs)

. tempfile terraclimate

. save `terraclimate'
file /var/folders/w0/tc29qfyn6jggvzj9fybmrn2r0000gn/T//S_13064.000005 saved

. 
. import delimited "`proj'/Data/regressors/chirps/chirps_100km_panel.csv", clear
(6 vars, 335,018 obs)

. tempfile chirps

. save `chirps'
file /var/folders/w0/tc29qfyn6jggvzj9fybmrn2r0000gn/T//S_13064.000006 saved

. 
. import delimited "`proj'/Data/regressors/wdpa/wdpa_protected_panel_100km.csv", clear
(8 vars, 349,584 obs)

. tempfile wdpa_panel

. save `wdpa_panel'
file /var/folders/w0/tc29qfyn6jggvzj9fybmrn2r0000gn/T//S_13064.000007 saved

. 
. * --- Static baselines (cell_id only) ---
. 
. import delimited "`proj'/Data/regressors/baseline_geography/resolve_ecoregions_100km_cells.csv", clear
(19 vars, 14,566 obs)

. tempfile resolve

. save `resolve'
file /var/folders/w0/tc29qfyn6jggvzj9fybmrn2r0000gn/T//S_13064.000008 saved

. 
. import delimited "`proj'/Data/regressors/baseline_geography/cepf_hotspots_100km_cells.csv", clear
(11 vars, 14,566 obs)

. tempfile cepf

. save `cepf'
file /var/folders/w0/tc29qfyn6jggvzj9fybmrn2r0000gn/T//S_13064.000009 saved

. 
. import delimited "`proj'/Data/regressors/baseline_geography/wdpa_protected_share_100km_cells.csv", clear
(13 vars, 14,566 obs)

. tempfile wdpa_static

. save `wdpa_static'
file /var/folders/w0/tc29qfyn6jggvzj9fybmrn2r0000gn/T//S_13064.00000a saved

. 
. import delimited "`proj'/Data/regressors/baseline_geography/grip_roads_100km_cells.csv", clear
(7 vars, 14,566 obs)

. tempfile grip

. save `grip'
file /var/folders/w0/tc29qfyn6jggvzj9fybmrn2r0000gn/T//S_13064.00000b saved

. 
. import delimited "`proj'/Data/regressors/baseline_geography/globio_msa_100km_cells.csv", clear
(4 vars, 14,566 obs)

. tempfile globio

. save `globio'
file /var/folders/w0/tc29qfyn6jggvzj9fybmrn2r0000gn/T//S_13064.00000c saved

. 
. import delimited "`proj'/Data/regressors/worldbank/worldbank_gdp_pcap_panel.csv", clear
(4 vars, 5,029 obs)

. tempfile wbgdp

. save `wbgdp'
file /var/folders/w0/tc29qfyn6jggvzj9fybmrn2r0000gn/T//S_13064.00000d saved

. 
. import delimited "`proj'/Data/regressors/nightlights/nightlights_100km_panel.csv", clear
(8 vars, 276,754 obs)

. tempfile ntl

. save `ntl'
file /var/folders/w0/tc29qfyn6jggvzj9fybmrn2r0000gn/T//S_13064.00000e saved

. 
. import delimited "`proj'/Data/regressors/acled/acled_100km_cell_year_2005_2024.csv", clear
(20 vars, 291,320 obs)

. tempfile acled

. save `acled'
file /var/folders/w0/tc29qfyn6jggvzj9fybmrn2r0000gn/T//S_13064.00000f saved

. 
. import delimited "`proj'/Data/regressors/ibtracs/ibtracs_100km_cell_year_2005_2025.csv", clear
(15 vars, 305,886 obs)

. keep if year<=2024
(14,566 observations deleted)

. tempfile ibtracs

. save `ibtracs'
file /var/folders/w0/tc29qfyn6jggvzj9fybmrn2r0000gn/T//S_13064.00000g saved

. 
. import delimited "`proj'/Data/regressors/comcat/comcat_100km_cell_year_2005_2025.csv", clear
(12 vars, 305,886 obs)

. keep if year<=2024
(14,566 observations deleted)

. tempfile comcat

. save `comcat'
file /var/folders/w0/tc29qfyn6jggvzj9fybmrn2r0000gn/T//S_13064.00000h saved

. 
. * --- Static baselines: species richness ---
. 
. import delimited "`proj'/Data/regressors/baseline_geography/species_richness_100km_cells.csv", clear
(8 vars, 14,566 obs)

. tempfile richness

. save `richness'
file /var/folders/w0/tc29qfyn6jggvzj9fybmrn2r0000gn/T//S_13064.00000i saved

. 
. import delimited "`proj'/Data/regressors/baseline_geography/species_richness_birds_100km_cells.csv", clear
(5 vars, 14,566 obs)

. tempfile richness_birds

. save `richness_birds'
file /var/folders/w0/tc29qfyn6jggvzj9fybmrn2r0000gn/T//S_13064.00000j saved

. 
. * -------------------------------------------------------------------
. * 2. Merge panels 1:1 on cell_id year
. * -------------------------------------------------------------------
. 
. use `BOLD', clear

. 
. merge 1:1 cell_id year using `ucdp'

    Result                           # of obs.
    -----------------------------------------
    not matched                             0
    matched                           291,320  (_merge==3)
    -----------------------------------------

. rename _merge _merge_ucdp

. 
. merge 1:1 cell_id year using `hansen'

    Result                           # of obs.
    -----------------------------------------
    not matched                        72,830
        from master                    14,566  (_merge==1)
        from using                     58,264  (_merge==2)

    matched                           276,754  (_merge==3)
    -----------------------------------------

. rename _merge _merge_hansen

. 
. merge 1:1 cell_id year using `modis'

    Result                           # of obs.
    -----------------------------------------
    not matched                        14,566
        from master                    14,566  (_merge==1)
        from using                          0  (_merge==2)

    matched                           335,018  (_merge==3)
    -----------------------------------------

. rename _merge _merge_modis

. 
. merge 1:1 cell_id year using `terraclimate'

    Result                           # of obs.
    -----------------------------------------
    not matched                        14,566
        from master                    14,566  (_merge==1)
        from using                          0  (_merge==2)

    matched                           335,018  (_merge==3)
    -----------------------------------------

. rename _merge _merge_terraclimate

. 
. merge 1:1 cell_id year using `chirps'

    Result                           # of obs.
    -----------------------------------------
    not matched                        14,566
        from master                    14,566  (_merge==1)
        from using                          0  (_merge==2)

    matched                           335,018  (_merge==3)
    -----------------------------------------

. rename _merge _merge_chirps

. 
. merge 1:1 cell_id year using `wdpa_panel'

    Result                           # of obs.
    -----------------------------------------
    not matched                             0
    matched                           349,584  (_merge==3)
    -----------------------------------------

. rename _merge _merge_wdpa_panel

. 
. merge 1:1 cell_id year using `ntl'

    Result                           # of obs.
    -----------------------------------------
    not matched                        72,830
        from master                    72,830  (_merge==1)
        from using                          0  (_merge==2)

    matched                           276,754  (_merge==3)
    -----------------------------------------

. rename _merge _merge_ntl

. 
. merge 1:1 cell_id year using `acled'

    Result                           # of obs.
    -----------------------------------------
    not matched                        58,264
        from master                    58,264  (_merge==1)
        from using                          0  (_merge==2)

    matched                           291,320  (_merge==3)
    -----------------------------------------

. rename _merge _merge_acled

. 
. merge 1:1 cell_id year using `ibtracs'

    Result                           # of obs.
    -----------------------------------------
    not matched                        58,264
        from master                    58,264  (_merge==1)
        from using                          0  (_merge==2)

    matched                           291,320  (_merge==3)
    -----------------------------------------

. rename _merge _merge_ibtracs

. 
. merge 1:1 cell_id year using `comcat'

    Result                           # of obs.
    -----------------------------------------
    not matched                        58,264
        from master                    58,264  (_merge==1)
        from using                          0  (_merge==2)

    matched                           291,320  (_merge==3)
    -----------------------------------------

. rename _merge _merge_comcat

. 
. * -------------------------------------------------------------------
. * 3. Merge static baselines m:1 on cell_id
. * -------------------------------------------------------------------
. 
. merge m:1 cell_id using `resolve'

    Result                           # of obs.
    -----------------------------------------
    not matched                             0
    matched                           349,584  (_merge==3)
    -----------------------------------------

. rename _merge _merge_resolve

. 
. merge m:1 cell_id using `cepf'

    Result                           # of obs.
    -----------------------------------------
    not matched                             0
    matched                           349,584  (_merge==3)
    -----------------------------------------

. rename _merge _merge_cepf

. 
. merge m:1 cell_id using `wdpa_static'

    Result                           # of obs.
    -----------------------------------------
    not matched                             0
    matched                           349,584  (_merge==3)
    -----------------------------------------

. rename _merge _merge_wdpa_static

. 
. merge m:1 cell_id using `grip'

    Result                           # of obs.
    -----------------------------------------
    not matched                             0
    matched                           349,584  (_merge==3)
    -----------------------------------------

. rename _merge _merge_grip

. 
. merge m:1 cell_id using `globio'

    Result                           # of obs.
    -----------------------------------------
    not matched                             0
    matched                           349,584  (_merge==3)
    -----------------------------------------

. rename _merge _merge_globio

. 
. merge m:1 cell_id using `richness'

    Result                           # of obs.
    -----------------------------------------
    not matched                             0
    matched                           349,584  (_merge==3)
    -----------------------------------------

. rename _merge _merge_richness

. 
. merge m:1 cell_id using `richness_birds'

    Result                           # of obs.
    -----------------------------------------
    not matched                             0
    matched                           349,584  (_merge==3)
    -----------------------------------------

. rename _merge _merge_richness_birds

. 
. * --- Country-year regressors (iso_a3 × year; requires iso_a3 from RESOLVE) ---
. 
. merge m:1 iso_a3 year using `wbgdp'

    Result                           # of obs.
    -----------------------------------------
    not matched                        85,944
        from master                    84,094  (_merge==1)
        from using                      1,850  (_merge==2)

    matched                           265,490  (_merge==3)
    -----------------------------------------

. rename _merge _merge_wbgdp

. 
. * -------------------------------------------------------------------
. * 4. Save
. * -------------------------------------------------------------------
. 
. drop if continent=="Antarctica"
(21,500 observations deleted)

. drop if cell_area_km2>10001
(2,018 observations deleted)

. 
. compress
  variable cell_area_km2 was float now int
  variable country_name was str30 now str24
  (2,623,328 bytes saved)

. save "`proj'/Data/analysis/BOLD_regressor_panel.dta", replace
file /Users/vasilykorovkin/Documents/Diversity_Discoveries/Data/analysis/BOLD_regressor_panel.dta saved

. 
. tab _merge_ucdp

            _merge_ucdp |      Freq.     Percent        Cum.
------------------------+-----------------------------------
            matched (3) |    269,680      100.00      100.00
------------------------+-----------------------------------
                  Total |    269,680      100.00

. tab _merge_hansen

          _merge_hansen |      Freq.     Percent        Cum.
------------------------+-----------------------------------
        master only (1) |     13,484        4.11        4.11
         using only (2) |     58,236       17.76       21.87
            matched (3) |    256,196       78.13      100.00
------------------------+-----------------------------------
                  Total |    327,916      100.00

. tab _merge_modis

           _merge_modis |      Freq.     Percent        Cum.
------------------------+-----------------------------------
        master only (1) |     13,484        4.11        4.11
            matched (3) |    314,432       95.89      100.00
------------------------+-----------------------------------
                  Total |    327,916      100.00

. tab _merge_terraclimate

    _merge_terraclimate |      Freq.     Percent        Cum.
------------------------+-----------------------------------
        master only (1) |     13,484        4.11        4.11
            matched (3) |    314,432       95.89      100.00
------------------------+-----------------------------------
                  Total |    327,916      100.00

. tab _merge_chirps

          _merge_chirps |      Freq.     Percent        Cum.
------------------------+-----------------------------------
        master only (1) |     13,484        4.11        4.11
            matched (3) |    314,432       95.89      100.00
------------------------+-----------------------------------
                  Total |    327,916      100.00

. tab _merge_wdpa_panel

      _merge_wdpa_panel |      Freq.     Percent        Cum.
------------------------+-----------------------------------
            matched (3) |    327,916      100.00      100.00
------------------------+-----------------------------------
                  Total |    327,916      100.00

. tab _merge_resolve

         _merge_resolve |      Freq.     Percent        Cum.
------------------------+-----------------------------------
            matched (3) |    327,916      100.00      100.00
------------------------+-----------------------------------
                  Total |    327,916      100.00

. tab _merge_cepf

            _merge_cepf |      Freq.     Percent        Cum.
------------------------+-----------------------------------
            matched (3) |    327,916      100.00      100.00
------------------------+-----------------------------------
                  Total |    327,916      100.00

. tab _merge_wdpa_static

     _merge_wdpa_static |      Freq.     Percent        Cum.
------------------------+-----------------------------------
            matched (3) |    327,916      100.00      100.00
------------------------+-----------------------------------
                  Total |    327,916      100.00

. tab _merge_grip

            _merge_grip |      Freq.     Percent        Cum.
------------------------+-----------------------------------
            matched (3) |    327,916      100.00      100.00
------------------------+-----------------------------------
                  Total |    327,916      100.00

. tab _merge_globio

          _merge_globio |      Freq.     Percent        Cum.
------------------------+-----------------------------------
            matched (3) |    327,916      100.00      100.00
------------------------+-----------------------------------
                  Total |    327,916      100.00

. tab _merge_wbgdp

           _merge_wbgdp |      Freq.     Percent        Cum.
------------------------+-----------------------------------
        master only (1) |     62,566       19.08       19.08
            matched (3) |    265,350       80.92      100.00
------------------------+-----------------------------------
                  Total |    327,916      100.00

. tab _merge_ntl

             _merge_ntl |      Freq.     Percent        Cum.
------------------------+-----------------------------------
        master only (1) |     71,720       21.87       21.87
            matched (3) |    256,196       78.13      100.00
------------------------+-----------------------------------
                  Total |    327,916      100.00

. tab _merge_acled

           _merge_acled |      Freq.     Percent        Cum.
------------------------+-----------------------------------
        master only (1) |     58,236       17.76       17.76
            matched (3) |    269,680       82.24      100.00
------------------------+-----------------------------------
                  Total |    327,916      100.00

. tab _merge_ibtracs

         _merge_ibtracs |      Freq.     Percent        Cum.
------------------------+-----------------------------------
        master only (1) |     58,236       17.76       17.76
            matched (3) |    269,680       82.24      100.00
------------------------+-----------------------------------
                  Total |    327,916      100.00

. tab _merge_comcat

          _merge_comcat |      Freq.     Percent        Cum.
------------------------+-----------------------------------
        master only (1) |     58,236       17.76       17.76
            matched (3) |    269,680       82.24      100.00
------------------------+-----------------------------------
                  Total |    327,916      100.00

. tab _merge_richness

        _merge_richness |      Freq.     Percent        Cum.
------------------------+-----------------------------------
            matched (3) |    327,916      100.00      100.00
------------------------+-----------------------------------
                  Total |    327,916      100.00

. tab _merge_richness_birds

  _merge_richness_birds |      Freq.     Percent        Cum.
------------------------+-----------------------------------
            matched (3) |    327,916      100.00      100.00
------------------------+-----------------------------------
                  Total |    327,916      100.00

. 
. describe

Contains data from /Users/vasilykorovkin/Documents/Diversity_Discoveries/Data/analysis/BOLD_regressor_panel.dta
  obs:       327,916                          
 vars:           212                          4 May 2026 09:18
----------------------------------------------------------------------------------------------------------------------------------------------------------------------
              storage   display    value
variable name   type    format     label      variable label
----------------------------------------------------------------------------------------------------------------------------------------------------------------------
cell_id         str8    %9s                   
cell_x          int     %8.0g                 
cell_y          byte    %8.0g                 
year            int     %8.0g                 
centroid_lon    float   %9.0g                 
centroid_lat    float   %9.0g                 
continent       str23   %23s                  
country         str35   %35s                  
iso_a3          str3    %9s                   
drop_rich_reg~g byte    %8.0g                 
total_records   long    %12.0g                
animalia_reco~s long    %12.0g                
plantae_records int     %8.0g                 
fungi_records   int     %8.0g                 
bacteria_reco~s int     %8.0g                 
plantae_fungi~s int     %8.0g                 
non_chordata_~s long    %12.0g                
arthropoda_re~s long    %12.0g                
insecta_records long    %12.0g                
chordata_reco~s int     %8.0g                 
n_bins          long    %8.0g                 
n_new_bins      int     %8.0g                 
any_total       byte    %8.0g                 
log1p_total     float   %9.0g                 
any_animalia    byte    %8.0g                 
log1p_animalia  float   %9.0g                 
any_plantae     byte    %8.0g                 
log1p_plantae   float   %9.0g                 
any_fungi       byte    %8.0g                 
log1p_fungi     float   %9.0g                 
any_bacteria    byte    %8.0g                 
log1p_bacteria  float   %8.0g                 
any_plantae_f~i byte    %8.0g                 
log1p_plantae~i float   %9.0g                 
any_non_chord~a byte    %8.0g                 
log1p_non_cho~a float   %9.0g                 
any_arthropoda  byte    %8.0g                 
log1p_arthrop~a float   %9.0g                 
any_insecta     byte    %8.0g                 
log1p_insecta   float   %9.0g                 
any_chordata    byte    %8.0g                 
log1p_chordata  float   %9.0g                 
any_n_bins      byte    %8.0g                 
log1p_n_bins    float   %9.0g                 
any_n_new_bins  byte    %8.0g                 
log1p_n_new_b~s float   %9.0g                 
ucdp_events_all int     %8.0g                 
ucdp_best_all   long    %8.0g                 
ucdp_low_all    long    %8.0g                 
ucdp_high_all   long    %8.0g                 
ucdp_deaths_c~l int     %8.0g                 
ucdp_eve~_state int     %8.0g                 
ucdp_best_state long    %8.0g                 
ucdp_low_state  long    %8.0g                 
ucdp_high_state long    %8.0g                 
ucdp_dea~_state int     %8.0g                 
ucdp_eve~nstate int     %8.0g                 
ucdp_best_no~te int     %8.0g                 
ucdp_low_non~te int     %8.0g                 
ucdp_high_no~te int     %8.0g                 
ucdp_dea~nstate int     %8.0g                 
ucdp_events_o~d int     %8.0g                 
ucdp_best_one~d int     %8.0g                 
ucdp_low_ones~d int     %8.0g                 
ucdp_high_one~d int     %8.0g                 
ucdp_deaths_c~d int     %8.0g                 
ucdp_events_p~e int     %8.0g                 
ucdp_best_pre~e int     %8.0g                 
ucdp_low_prec~e int     %8.0g                 
ucdp_high_pre~e long    %8.0g                 
ucdp_deaths_~se int     %8.0g                 
ucdp_events_s.. int     %8.0g                 
ucdp_best_st~se int     %8.0g                 
ucdp_low_sta~se int     %8.0g                 
ucdp_high_st~se long    %8.0g                 
ucdp_deaths_c~c int     %8.0g                 ucdp_deaths_civilians_state_precise
ucdp_events_n.. int     %8.0g                 
ucdp_best_no~se int     %8.0g                 
ucdp_low_non~se int     %8.0g                 
ucdp_high_no~se int     %8.0g                 
ucdp_deaths~e_p int     %8.0g                 ucdp_deaths_civilians_nonstate_precise
ucdp_events_o~e int     %8.0g                 
ucdp_best_one~e int     %8.0g                 
ucdp_low_ones~e int     %8.0g                 
ucdp_high_one~e int     %8.0g                 
ucdp_deaths~d_p int     %8.0g                 ucdp_deaths_civilians_onesided_precise
ucdp_any_all    byte    %8.0g                 
ucdp_any_state  byte    %8.0g                 
ucdp_any_non~te byte    %8.0g                 
ucdp_any_ones~d byte    %8.0g                 
ucdp_any_prec~e byte    %8.0g                 
ucdp_any_sta~se byte    %8.0g                 
ucdp_any_non~se byte    %8.0g                 
ucdp_any_ones~e byte    %8.0g                 
_merge_ucdp     byte    %23.0g     _merge     
baseline_fore~2 float   %9.0g                 
forest_loss_km2 float   %9.0g                 
forest_loss_s~e float   %9.0g                 
cumulative_lo~2 float   %9.0g                 
cumulative_lo~e float   %9.0g                 
l1_forest_los~2 float   %9.0g                 L1_forest_loss_km2
l2_forest_los~2 float   %9.0g                 L2_forest_loss_km2
l1_forest_los~e float   %9.0g                 L1_forest_loss_share
l2_forest_los~e float   %9.0g                 L2_forest_loss_share
_merge_hansen   byte    %23.0g     _merge     
burned_area_km2 float   %9.0g                 
any_burned      byte    %8.0g                 
cumulative_bu~2 float   %9.0g                 
l1_burned_are~2 float   %9.0g                 L1_burned_area_km2
l2_burned_are~2 float   %9.0g                 L2_burned_area_km2
l1_any_burned   byte    %8.0g                 L1_any_burned
l2_any_burned   byte    %8.0g                 L2_any_burned
_merge_modis    byte    %23.0g     _merge     
pdsi_mean       float   %9.0g                 
pdsi_anomaly    float   %9.0g                 
tmax_mean       float   %9.0g                 
tmax_anomaly    float   %9.0g                 
ppt_mean        float   %9.0g                 
ppt_anomaly     float   %9.0g                 
_merge_terrac~e byte    %23.0g     _merge     
chirps_precip~m float   %9.0g                 
chirps_precip~y float   %9.0g                 
_merge_chirps   byte    %23.0g     _merge     
protected_are~2 float   %9.0g                 
protected_share float   %9.0g                 
any_protected   byte    %8.0g                 
new_protectio~2 float   %9.0g                 
_merge_wdpa_p~l byte    %23.0g     _merge     
ntl_mean        float   %9.0g                 
log1p_ntl       float   %9.0g                 
any_light       byte    %8.0g                 
l1_log1p_ntl    float   %9.0g                 L1_log1p_ntl
_merge_ntl      byte    %23.0g     _merge     
acled_events_~l int     %8.0g                 
acled_fatalit~l int     %8.0g                 
acled_events~es int     %8.0g                 
acled_fatali~es int     %8.0g                 
acled_events~ns int     %8.0g                 
acled_fatali~ns int     %8.0g                 
acled_events~ac int     %8.0g                 
acled_fatali~ac int     %8.0g                 
acled_event~sts int     %8.0g                 
acled_fatal~sts int     %8.0g                 
acled_event~ots int     %8.0g                 
acled_fatal~ots int     %8.0g                 
acled_events~ic int     %8.0g                 
acled_fatali~ic int     %8.0g                 
acled_any_all   byte    %8.0g                 
acled_any_vio~t byte    %8.0g                 
_merge_acled    byte    %23.0g     _merge     
ibtracs_point~l byte    %8.0g                 
ibtracs_storm~l byte    %8.0g                 
ibtracs_max_w~s int     %8.0g                 
ibtracs_min_d~m int     %8.0g                 
ibtracs_po~34kt byte    %8.0g                 
ibtracs_st~34kt byte    %8.0g                 
ibtracs_po~64kt byte    %8.0g                 
ibtracs_st~64kt byte    %8.0g                 
ibtracs_any_all byte    %8.0g                 
ibtracs_any_3~t byte    %8.0g                 
ibtracs_any_6~t byte    %8.0g                 
_merge_ibtracs  byte    %23.0g     _merge     
comcat_events~l int     %8.0g                 
comcat_events~6 byte    %8.0g                 
comcat_events~7 byte    %8.0g                 
comcat_shallo~s int     %8.0g                 
comcat_max_mag  float   %9.0g                 
comcat_mean_mag float   %9.0g                 
comcat_mean_d~m float   %9.0g                 
comcat_any_all  byte    %8.0g                 
_merge_comcat   byte    %23.0g     _merge     
resolve_eco_id  int     %8.0g                 
resolve_eco_n~e str65   %65s                  
resolve_biome~m byte    %8.0g                 
resolve_biome~e str56   %56s                  
resolve_realm   str12   %12s                  
resolve_eco_b~e str4    %9s                   
resolve_nnh     byte    %8.0g                 
resolve_nnh_n~e str33   %33s                  
resolve_license str9    %9s                   
resolve_matched byte    %8.0g                 
resolve_rock_~e byte    %8.0g                 
_merge_resolve  byte    %23.0g     _merge     
cepf_hotspot_~s str45   %45s                  
cepf_hotspot_~t byte    %8.0g                 
cepf_hotspot_~y byte    %8.0g                 
_merge_cepf     byte    %23.0g     _merge     
cell_area_km2   int     %9.0g                 
wdpa_candidat~s long    %8.0g                 
wdpa_protecte~2 float   %9.0g                 
wdpa_protecte~e float   %9.0g                 
wdpa_any_prot~d byte    %8.0g                 
_merge_wdpa_s~c byte    %23.0g     _merge     
road~_m_per_km2 float   %9.0g                 
road~km_per_km2 float   %9.0g                 
any_road        byte    %8.0g                 
log_road_dens~y float   %9.0g                 
_merge_grip     byte    %23.0g     _merge     
msa_overall     float   %9.0g                 
_merge_globio   byte    %23.0g     _merge     
richness_mamm~s int     %8.0g                 
richness_amph~s int     %8.0g                 
richness_rept~s int     %8.0g                 
richness_total  int     %8.0g                 
log1p_richnes~l float   %9.0g                 
_merge_richness byte    %23.0g     _merge     
richness_birds  int     %8.0g                 
log1p_richnes~s float   %9.0g                 
_merge_richn~ds byte    %23.0g     _merge     
country_name    str24   %24s                  
gdp_pcap_curr~d float   %9.0g                 
_merge_wbgdp    byte    %23.0g     _merge     
----------------------------------------------------------------------------------------------------------------------------------------------------------------------
Sorted by: 

. summarize

    Variable |        Obs        Mean    Std. Dev.       Min        Max
-------------+---------------------------------------------------------
     cell_id |          0
      cell_x |    327,916    18.34937    77.88298       -173        172
      cell_y |    327,916    24.32758    35.22473        -73         72
        year |    327,916    2012.369    6.971297       2001       2024
centroid_lon |    269,680    19.23282    80.60753  -178.7819   178.7819
-------------+---------------------------------------------------------
centroid_lat |    269,680     23.8568    30.57534  -54.25486   80.94885
   continent |          0
     country |          0
      iso_a3 |          0
drop_rich_~g |    269,680     .409819    .4918011          0          1
-------------+---------------------------------------------------------
total_reco~s |    269,680    52.39868    2483.223          0     505254
animalia_r~s |    269,680     51.7059    2481.903          0     505254
plantae_re~s |    269,680    .5543051     17.8105          0       3764
fungi_reco~s |    269,680    .1288824    4.165594          0        949
bacteria_r~s |    269,680    .0095929    .7947955          0        261
-------------+---------------------------------------------------------
plantae_fu~s |    269,680    .6831875    18.36091          0       3764
non_chorda~s |    269,680     51.1632     2481.47          0     505254
arthropoda~s |    269,680    50.71228     2480.48          0     505238
insecta_re~s |    269,680    49.88927    2467.148          0     503438
chordata_r~s |    269,680    .5426988    7.225156          0        784
-------------+---------------------------------------------------------
      n_bins |    269,680    9.312014    266.9258          0      44252
  n_new_bins |    269,680    3.677822    115.5406          0      21206
   any_total |    269,680    .1880117    .3907223          0          1
 log1p_total |    269,680    .4395654    1.147025          0   13.13282
any_animalia |    269,680    .1768689    .3815584          0          1
-------------+---------------------------------------------------------
log1p_anim~a |    269,680    .4109289    1.113529          0   13.13282
 any_plantae |    269,680    .0201721    .1405888          0          1
log1p_plan~e |    269,680    .0398246    .3338694          0   8.233503
   any_fungi |    269,680    .0139499    .1172831          0          1
 log1p_fungi |    269,680     .020354    .2066637          0   6.856462
-------------+---------------------------------------------------------
any_bacteria |    269,680    .0012014    .0346408          0          1
log1p_bact~a |    269,680    .0017363     .060259          0   5.568345
any_planta~i |    269,680    .0313631    .1742973          0          1
log1p_plan~i |    269,680    .0571574     .386698          0   8.233503
any_non_ch~a |    269,680    .1569823    .3637848          0          1
-------------+---------------------------------------------------------
log1p_non_~a |    269,680    .3656783    1.067264          0   13.13282
any_arthro~a |    269,680     .149073    .3561611          0          1
log1p_arth~a |    269,680    .3441461    1.039068          0   13.13279
 any_insecta |    269,680    .1385086    .3454337          0          1
log1p_inse~a |    269,680    .3189394    1.007662          0   13.12922
-------------+---------------------------------------------------------
any_chordata |    269,680    .0402106    .1964532          0          1
log1p_chor~a |    269,680    .0734172    .4226582          0   6.665684
  any_n_bins |    269,680    .1680399    .3739024          0          1
log1p_n_bins |    269,680    .3100062    .8872988          0   10.69768
any_n_new_~s |    269,680    .1157891    .3199724          0          1
-------------+---------------------------------------------------------
log1p_n_ne~s |    269,680    .1872129    .6558422          0   9.962087
ucdp_event~l |    269,680    1.096503    26.98563          0       4615
ucdp_best_~l |    269,680    7.556181     426.938          0     157240
ucdp_low_all |    269,680    6.942016     421.414          0     157370
ucdp_high_~l |    269,680    9.179031    424.4581          0     156242
-------------+---------------------------------------------------------
ucdp_death~l |    269,680    1.429305     57.3835          0      17805
ucd~ts_state |    269,680    .7897137    25.02501          0       4484
ucdp~t_state |    269,680    5.851086    422.5197          0     157240
ucdp~w_state |    269,680    5.492973    417.7513          0     157370
ucdp~h_state |    269,680    7.212522    418.9919          0     156242
-------------+---------------------------------------------------------
ucd~ns_state |    269,680    .7723079    51.60804          0      17117
~ts_nonstate |    269,680    .1751075    5.410897          0        883
u~t_nonstate |    269,680    1.086395    31.40747          0       6493
u~w_nonstate |    269,680    .8853567    26.45589          0       5719
u~h_nonstate |    269,680    1.226394    34.10191          0       7935
-------------+---------------------------------------------------------
~ns_nonstate |    269,680     .060442    7.760782          0       3690
ucdp_event~d |    269,680     .131682    2.074683          0        248
ucdp_best_~d |    269,680    .6186999    14.15304          0       1618
ucdp_low_o~d |    269,680    .5636866    13.06723          0       1589
ucdp_high_~d |    269,680    .7401142    17.32942          0       2853
-------------+---------------------------------------------------------
ucdp_death~d |    269,680    .5965552     13.6196          0       1618
u~ts_precise |    269,680    .7925467    23.82398          0       4523
uc~t_precise |    269,680    3.770484    111.5375          0      23014
ucdp_low_p~e |    269,680    3.435487     98.7842          0      19125
uc~h_precise |    269,680    4.720194    154.8253          0      40527
-------------+---------------------------------------------------------
ucdp_deat~se |    269,680    1.175946    42.26119          0       6537
ucdp_event.. |    269,680    .5533113    22.05606          0       4392
ucdp_best_.. |    269,680    2.700267    102.6404          0      23005
ucdp_low_s.. |    269,680    2.448276    90.09525          0      19116
ucdp_high_.. |    269,680    3.478782    146.1035          0      40525
-------------+---------------------------------------------------------
ucdp_death~c |    269,680    .6341961     35.8093          0       5960
ucdp_event.. |    269,680    .1426802    4.864463          0        883
ucdp_best_.. |    269,680    .5656074    21.64866          0       6493
ucdp_low_n.. |    269,680    .5267539     19.8604          0       5719
ucdp_high_.. |    269,680    .6434107    24.54053          0       7935
-------------+---------------------------------------------------------
ucdp_dea~e_p |    269,680    .0556808    7.718665          0       3690
ucdp_event.. |    269,680    .0965552    1.768474          0        244
ucdp_best_.. |    269,680    .5046092     12.7863          0       1412
ucdp_low_o~e |    269,680    .4604568    11.74871          0       1403
ucdp_high_.. |    269,680    .5980013    15.80382          0       2853
-------------+---------------------------------------------------------
ucdp_dea~d_p |    269,680    .4860687    12.25768          0       1412
ucdp_any_all |    269,680    .0586992    .2350613          0          1
ucdp~y_state |    269,680    .0370958     .188997          0          1
u~y_nonstate |    269,680    .0166753     .128052          0          1
ucdp_any_o~d |    269,680    .0271692    .1625767          0          1
-------------+---------------------------------------------------------
ucdp_any_p~e |    269,680    .0466293     .210844          0          1
ucdp_any_s.. |    269,680    .0290752    .1680177          0          1
ucdp_any_n.. |    269,680    .0129487    .1130533          0          1
ucdp_any_o~e |    269,680    .0212252    .1441344          0          1
 _merge_ucdp |    269,680           3           0          3          3
-------------+---------------------------------------------------------
baseline_f~2 |    314,432     2278.93    2830.667          0   9990.967
forest_los~2 |    314,432    11.80298    36.39944          0   1817.702
forest_los~e |    314,432    .0031096    .0091593          0          1
cumula~s_km2 |    314,432    129.4724    333.6854          0   5540.599
cumulative~e |    314,432    .0362932    .0693416          0          1
-------------+---------------------------------------------------------
l1_forest_~2 |    299,873    11.68585    35.24546          0   1787.021
l2_forest_~2 |    285,314      11.683    35.25523          0   1787.021
l1_forest_~e |    299,873    .0030956    .0090242          0          1
l2_forest_~e |    285,314    .0031128    .0090827          0          1
_merge_han~n |    327,916    2.740165    .5239867          1          3
-------------+---------------------------------------------------------
burned_are~2 |    314,432     283.535    882.1465          0   9447.813
  any_burned |    314,432    .5737743    .4945282          0          1
cumula~d_km2 |    314,432    3569.112    11693.13          0   171211.5
l1_burned_~2 |    299,873    284.9213    884.6298          0   9447.813
l2_burned_~2 |    285,314    288.2689    890.7717          0   9447.813
-------------+---------------------------------------------------------
l1_any_bur~d |    299,873       .5747    .4943893          0          1
l2_any_bur~d |    285,314    .5768697    .4940566          0          1
_merge_modis |    327,916    2.917759    .3971374          1          3
   pdsi_mean |    314,432   -1.045462     2.60443  -15.02607    13.0447
pdsi_anomaly |    314,432   -.7468264    2.343439  -13.59249   13.28168
-------------+---------------------------------------------------------
   tmax_mean |    314,432    19.26587    14.67331   -48.7894   40.11292
tmax_anomaly |    314,432    .6321289    .7944979   -3.24704    6.28665
    ppt_mean |    314,432    63.20442    62.63366   .0002083   671.5046
 ppt_anomaly |    314,432   -1.032897    14.10678  -133.0157    307.777
_merge_ter~e |    327,916    2.917759    .3971374          1          3
-------------+---------------------------------------------------------
chirps_pre~m |    235,495    910.3572    850.5095          0   8091.736
chirps_pre~y |    235,495    18.21181    182.6249  -2900.662   2780.291
_merge_chi~s |    327,916    2.917759    .3971374          1          3
protected_~2 |    327,916    1309.343    2261.152          0      10000
protected_~e |    327,916    .1309343    .2261152          0          1
-------------+---------------------------------------------------------
any_protec~d |    327,916    .6351078    .4814007          0          1
new_protec~2 |    327,916    66.03287    521.2281          0      10000
_merge_wdp~l |    327,916           3           0          3          3
    ntl_mean |    256,196    6.775048    5.666139          0   57.46442
   log1p_ntl |    256,196    1.653066    1.029512          0   4.068419
-------------+---------------------------------------------------------
   any_light |    256,196    .8040094    .3969621          0          1
l1_log1p_ntl |    242,712    1.717434    1.017022          0   4.068419
  _merge_ntl |    327,916    2.562571    .8267503          1          3
acled_even~l |    269,680    8.236773    108.7316          0      17447
acled_fata~l |    269,680    6.551327     145.271          0      29313
-------------+---------------------------------------------------------
acled_eve~es |    269,680    1.375475    32.63381          0       6807
acled_fat~es |    269,680    3.544434    89.06373          0      22231
acled_eve~ns |    269,680    1.512648     63.4212          0      10717
acled_fat~ns |    269,680    1.536599    70.43635          0      21973
acled_eve~ac |    269,680    .9330799     9.94823          0        678
-------------+---------------------------------------------------------
acled_fat~ac |    269,680    1.302996    19.57056          0       3932
acled_ev~sts |    269,680    3.303515    30.45072          0       3154
acled_fa~sts |    269,680    .0229828    1.643554          0        533
acled_ev~ots |    269,680     .532939    13.63445          0       3011
acled_fa~ots |    269,680    .1259604    3.834732          0       1009
-------------+---------------------------------------------------------
acled_eve~ic |    269,680     .579116    10.80487          0       1677
acled_fat~ic |    269,680    .0183551     .720143          0        190
acled_any_~l |    269,680    .1811258    .3851231          0          1
acled_any_~t |    269,680    .1091034    .3117695          0          1
_merge_acled |    327,916    2.644811    .7643428          1          3
-------------+---------------------------------------------------------
ibtracs_po~l |    269,680    .0402996     .362697          0         25
ibtracs_st~l |    269,680    .0218778    .1626564          0          4
ibtracs_ma~s |    269,680    .4448383    4.550161          0        160
ibtracs_mi~m |      5,288     1.17795    6.868452          0        171
ibtr~ts_34kt |    269,680    .0077796    .1222395          0         16
-------------+---------------------------------------------------------
ibtr~ms_34kt |    269,680    .0059923    .0820677          0          3
ibtr~ts_64kt |    269,680    .0017206     .057098          0          7
ibtr~ms_64kt |    269,680    .0012682    .0371189          0          3
ibtracs_an~l |    269,680    .0196084    .1386507          0          1
ibtra~y_34kt |    269,680    .0056215    .0747656          0          1
-------------+---------------------------------------------------------
ibtra~y_64kt |    269,680    .0012163    .0348537          0          1
_merge_ibt~s |    327,916    2.644811    .7643428          1          3
comcat_eve~l |    269,680    .1097857    1.244931          0        179
comcat_eve~6 |    269,680    .0023324    .0582021          0          6
comcat_eve~7 |    269,680    .0002929    .0173283          0          2
-------------+---------------------------------------------------------
comcat_sha~s |    269,680    .0758047    1.109849          0        179
comcat_max~g |    269,680    .2078911    .9966157          0          8
comcat_mea~g |     11,351    4.784898     .283715        4.5        7.5
comcat_mea~m |     11,351     58.6332     75.9281     -2.261      644.9
comcat_any~l |    269,680    .0420906    .2007963          0          1
-------------+---------------------------------------------------------
_merge_com~t |    327,916    2.644811    .7643428          1          3
resolve_ec~d |    321,904     463.771    277.7478          0        846
resol~o_name |          0
resolve_bi~m |    321,904    7.401461    4.048457          1         14
resolve_bi~e |          0
-------------+---------------------------------------------------------
resolve_re~m |          0
resolve_~ome |          0
 resolve_nnh |    321,904    2.566082    .9299205          0          4
resolve_nn~e |          0
resolve_li~e |          0
-------------+---------------------------------------------------------
resolve_ma~d |    327,916     .981666    .1341562          0          1
resolve_ro~e |    327,916    .0270557     .162246          0          1
_merge_res~e |    327,916           3           0          3          3
cepf_hotsp~s |          0
cepf_hotsp~t |    327,916    .1777772    .3823257          0          1
-------------+---------------------------------------------------------
cepf_hotsp~y |    327,916    .1777772    .3823257          0          1
 _merge_cepf |    327,916           3           0          3          3
cell_area_~2 |    327,916       10000           0      10000      10000
wdpa_candi~s |    327,916      77.618    713.5541          0      42506
wdpa_prote~2 |    327,916    1477.897    2345.124          0      10000
-------------+---------------------------------------------------------
wdpa_prote~e |    327,916    .1477897    .2345124          0          1
wdpa_any_p~d |    327,916    .6889691    .4629161          0          1
_merge_wdp~c |    327,916           3           0          3          3
r~_m_per_km2 |    327,916    170.4168    361.5129          0   10169.35
r~km_per_km2 |    327,916    .1704168    .3615129          0   10.16935
-------------+---------------------------------------------------------
    any_road |    327,916     .872199    .3338686          0          1
log_road_d~y |    327,916    3.844859    1.950349          0   9.227232
 _merge_grip |    327,916           3           0          3          3
 msa_overall |    327,892    .5570532    .2389585   .2007575   .9222696
_merge_glo~o |    327,916           3           0          3          3
-------------+---------------------------------------------------------
richness_m~s |    327,916    69.45484    49.17633          0        252
richness_a~s |    327,916    18.74251    25.62695          0        206
richness_r~s |    327,916    45.12329    44.89563          0        224
richness_t~l |    327,916    133.3206    111.6565          0        593
log1p_rich~l |    327,916    4.515115    1.000016          0   6.386879
-------------+---------------------------------------------------------
_merge_ri~ss |    327,916           3           0          3          3
richness_b~s |    327,916    199.9789    141.7566          0        938
log1p_rich~s |    327,916    4.940025    1.094348          0   6.844815
_merge_ri~ds |    327,916           3           0          3          3
country_name |          0
-------------+---------------------------------------------------------
gdp_pcap_c~d |    265,350    18115.11    20853.34     147.23     112895
_merge_wbgdp |    327,916    2.618402    .7858629          1          3

. 
. log close
      name:  <unnamed>
       log:  /Users/vasilykorovkin/Documents/Diversity_Discoveries/Logs/merge_all_regressors.log
  log type:  text
 closed on:   4 May 2026, 09:18:52
----------------------------------------------------------------------------------------------------------------------------------------------------------------------
